Classic Timing Analyzer report for Q1
Thu May 06 14:39:01 2021
Quartus II Version 9.1 Build 350 03/24/2010 Service Pack 2 SJ Web Edition


---------------------
; Table of Contents ;
---------------------
  1. Legal Notice
  2. Timing Analyzer Summary
  3. Timing Analyzer Settings
  4. Parallel Compilation
  5. tpd
  6. Timing Analyzer Messages



----------------
; Legal Notice ;
----------------
Copyright (C) 1991-2010 Altera Corporation
Your use of Altera Corporation's design tools, logic functions 
and other software and tools, and its AMPP partner logic 
functions, and any output files from any of the foregoing 
(including device programming or simulation files), and any 
associated documentation or information are expressly subject 
to the terms and conditions of the Altera Program License 
Subscription Agreement, Altera MegaCore Function License 
Agreement, or other applicable license agreement, including, 
without limitation, that your use is for the sole purpose of 
programming logic devices manufactured by Altera and sold by 
Altera or its authorized distributors.  Please refer to the 
applicable agreement for further details.



+-----------------------------------------------------------------------------------------------------------------------+
; Timing Analyzer Summary                                                                                               ;
+------------------------------+-------+---------------+-------------+------+----+------------+----------+--------------+
; Type                         ; Slack ; Required Time ; Actual Time ; From ; To ; From Clock ; To Clock ; Failed Paths ;
+------------------------------+-------+---------------+-------------+------+----+------------+----------+--------------+
; Worst-case tpd               ; N/A   ; None          ; 10.666 ns   ; b[0] ; cv ; --         ; --       ; 0            ;
; Total number of failed paths ;       ;               ;             ;      ;    ;            ;          ; 0            ;
+------------------------------+-------+---------------+-------------+------+----+------------+----------+--------------+


+-----------------------------------------------------------------------------------------------------------------------------------------------------+
; Timing Analyzer Settings                                                                                                                            ;
+------------------------------------------------------------------------------------------------------+--------------------+------+----+-------------+
; Option                                                                                               ; Setting            ; From ; To ; Entity Name ;
+------------------------------------------------------------------------------------------------------+--------------------+------+----+-------------+
; Device Name                                                                                          ; EP2S15F484C3       ;      ;    ;             ;
; Timing Models                                                                                        ; Final              ;      ;    ;             ;
; Default hold multicycle                                                                              ; Same as Multicycle ;      ;    ;             ;
; Cut paths between unrelated clock domains                                                            ; On                 ;      ;    ;             ;
; Cut off read during write signal paths                                                               ; On                 ;      ;    ;             ;
; Cut off feedback from I/O pins                                                                       ; On                 ;      ;    ;             ;
; Report Combined Fast/Slow Timing                                                                     ; Off                ;      ;    ;             ;
; Ignore Clock Settings                                                                                ; Off                ;      ;    ;             ;
; Analyze latches as synchronous elements                                                              ; On                 ;      ;    ;             ;
; Enable Recovery/Removal analysis                                                                     ; Off                ;      ;    ;             ;
; Enable Clock Latency                                                                                 ; Off                ;      ;    ;             ;
; Use TimeQuest Timing Analyzer                                                                        ; Off                ;      ;    ;             ;
; Number of source nodes to report per destination node                                                ; 10                 ;      ;    ;             ;
; Number of destination nodes to report                                                                ; 10                 ;      ;    ;             ;
; Number of paths to report                                                                            ; 200                ;      ;    ;             ;
; Report Minimum Timing Checks                                                                         ; Off                ;      ;    ;             ;
; Use Fast Timing Models                                                                               ; Off                ;      ;    ;             ;
; Report IO Paths Separately                                                                           ; Off                ;      ;    ;             ;
; Perform Multicorner Analysis                                                                         ; On                 ;      ;    ;             ;
; Reports the worst-case path for each clock domain and analysis                                       ; Off                ;      ;    ;             ;
; Reports worst-case timing paths for each clock domain and analysis                                   ; Off                ;      ;    ;             ;
; Specifies the maximum number of worst-case timing paths to report for each clock domain and analysis ; 100                ;      ;    ;             ;
; Removes common clock path pessimism (CCPP) during slack computation                                  ; Off                ;      ;    ;             ;
; Output I/O Timing Endpoint                                                                           ; Near End           ;      ;    ;             ;
+------------------------------------------------------------------------------------------------------+--------------------+------+----+-------------+


Parallel compilation was disabled, but you have multiple processors available. Enable parallel compilation to reduce compilation time.
+-------------------------------------+
; Parallel Compilation                ;
+----------------------------+--------+
; Processors                 ; Number ;
+----------------------------+--------+
; Number detected on machine ; 6      ;
; Maximum allowed            ; 1      ;
+----------------------------+--------+


+-----------------------------------------------------------+
; tpd                                                       ;
+-------+-------------------+-----------------+------+------+
; Slack ; Required P2P Time ; Actual P2P Time ; From ; To   ;
+-------+-------------------+-----------------+------+------+
; N/A   ; None              ; 10.666 ns       ; b[0] ; cv   ;
; N/A   ; None              ; 10.388 ns       ; cin  ; cv   ;
; N/A   ; None              ; 10.291 ns       ; a[0] ; cv   ;
; N/A   ; None              ; 9.792 ns        ; a[1] ; cv   ;
; N/A   ; None              ; 9.453 ns        ; a[2] ; cv   ;
; N/A   ; None              ; 9.376 ns        ; a[3] ; cv   ;
; N/A   ; None              ; 9.190 ns        ; b[0] ; s[3] ;
; N/A   ; None              ; 9.133 ns        ; b[0] ; s[0] ;
; N/A   ; None              ; 8.954 ns        ; a[0] ; s[0] ;
; N/A   ; None              ; 8.912 ns        ; cin  ; s[3] ;
; N/A   ; None              ; 8.780 ns        ; b[0] ; s[1] ;
; N/A   ; None              ; 8.662 ns        ; b[0] ; s[2] ;
; N/A   ; None              ; 8.601 ns        ; a[0] ; s[1] ;
; N/A   ; None              ; 8.570 ns        ; a[2] ; s[3] ;
; N/A   ; None              ; 8.539 ns        ; cin  ; s[1] ;
; N/A   ; None              ; 8.435 ns        ; a[2] ; s[2] ;
; N/A   ; None              ; 8.419 ns        ; cin  ; s[2] ;
; N/A   ; None              ; 8.292 ns        ; a[0] ; s[3] ;
; N/A   ; None              ; 8.199 ns        ; a[1] ; s[3] ;
; N/A   ; None              ; 8.189 ns        ; a[1] ; s[2] ;
; N/A   ; None              ; 8.141 ns        ; a[0] ; s[2] ;
; N/A   ; None              ; 7.971 ns        ; a[1] ; s[1] ;
; N/A   ; None              ; 7.900 ns        ; a[3] ; s[3] ;
+-------+-------------------+-----------------+------+------+


+--------------------------+
; Timing Analyzer Messages ;
+--------------------------+
Info: *******************************************************************
Info: Running Quartus II Classic Timing Analyzer
    Info: Version 9.1 Build 350 03/24/2010 Service Pack 2 SJ Web Edition
    Info: Processing started: Thu May 06 14:39:01 2021
Info: Command: quartus_tan --read_settings_files=off --write_settings_files=off Q1 -c Q1 --timing_analysis_only
Info: Longest tpd from source pin "b[0]" to destination pin "cv" is 10.666 ns
    Info: 1: + IC(0.000 ns) + CELL(0.857 ns) = 0.857 ns; Loc. = PIN_AB8; Fanout = 6; PIN Node = 'b[0]'
    Info: 2: + IC(4.803 ns) + CELL(0.366 ns) = 6.026 ns; Loc. = LCCOMB_X23_Y26_N6; Fanout = 2; COMB Node = 'bi[0]'
    Info: 3: + IC(0.261 ns) + CELL(0.366 ns) = 6.653 ns; Loc. = LCCOMB_X23_Y26_N28; Fanout = 1; COMB Node = 'fa:fa3|cv~0'
    Info: 4: + IC(1.909 ns) + CELL(2.104 ns) = 10.666 ns; Loc. = PIN_R7; Fanout = 0; PIN Node = 'cv'
    Info: Total cell delay = 3.693 ns ( 34.62 % )
    Info: Total interconnect delay = 6.973 ns ( 65.38 % )
Info: Quartus II Classic Timing Analyzer was successful. 0 errors, 0 warnings
    Info: Peak virtual memory: 194 megabytes
    Info: Processing ended: Thu May 06 14:39:01 2021
    Info: Elapsed time: 00:00:00
    Info: Total CPU time (on all processors): 00:00:01


