Classic Timing Analyzer report for generater
Mon May 10 00:39:25 2021
Quartus II Version 9.1 Build 350 03/24/2010 Service Pack 2 SJ Web Edition


---------------------
; Table of Contents ;
---------------------
  1. Legal Notice
  2. Timing Analyzer Summary
  3. Timing Analyzer Settings
  4. Clock Settings Summary
  5. Parallel Compilation
  6. Clock Setup: 'clk1'
  7. tsu
  8. tco
  9. th
 10. Timing Analyzer Messages



----------------
; Legal Notice ;
----------------
Copyright (C) 1991-2010 Altera Corporation
Your use of Altera Corporation's design tools, logic functions 
and other software and tools, and its AMPP partner logic 
functions, and any output files from any of the foregoing 
(including device programming or simulation files), and any 
associated documentation or information are expressly subject 
to the terms and conditions of the Altera Program License 
Subscription Agreement, Altera MegaCore Function License 
Agreement, or other applicable license agreement, including, 
without limitation, that your use is for the sole purpose of 
programming logic devices manufactured by Altera and sold by 
Altera or its authorized distributors.  Please refer to the 
applicable agreement for further details.



+------------------------------------------------------------------------------------------------------------------------------------------------------------------------------------------------+
; Timing Analyzer Summary                                                                                                                                                                        ;
+------------------------------+-------+---------------+------------------------------------------------+------------------------+------------------------+------------+----------+--------------+
; Type                         ; Slack ; Required Time ; Actual Time                                    ; From                   ; To                     ; From Clock ; To Clock ; Failed Paths ;
+------------------------------+-------+---------------+------------------------------------------------+------------------------+------------------------+------------+----------+--------------+
; Worst-case tsu               ; N/A   ; None          ; 2.232 ns                                       ; input                  ; D_flip_flop:\G1:0:FA|Q ; --         ; clk1     ; 0            ;
; Worst-case tco               ; N/A   ; None          ; 7.334 ns                                       ; D_flip_flop:\G1:1:FA|Q ; Q[1]                   ; clk1       ; --       ; 0            ;
; Worst-case th                ; N/A   ; None          ; -1.993 ns                                      ; input                  ; D_flip_flop:\G1:0:FA|Q ; --         ; clk1     ; 0            ;
; Clock Setup: 'clk1'          ; N/A   ; None          ; Restricted to 500.00 MHz ( period = 2.000 ns ) ; D_flip_flop:\G1:1:FA|Q ; D_flip_flop:\G1:2:FA|Q ; clk1       ; clk1     ; 0            ;
; Total number of failed paths ;       ;               ;                                                ;                        ;                        ;            ;          ; 0            ;
+------------------------------+-------+---------------+------------------------------------------------+------------------------+------------------------+------------+----------+--------------+


+-----------------------------------------------------------------------------------------------------------------------------------------------------+
; Timing Analyzer Settings                                                                                                                            ;
+------------------------------------------------------------------------------------------------------+--------------------+------+----+-------------+
; Option                                                                                               ; Setting            ; From ; To ; Entity Name ;
+------------------------------------------------------------------------------------------------------+--------------------+------+----+-------------+
; Device Name                                                                                          ; EP2S15F484C3       ;      ;    ;             ;
; Timing Models                                                                                        ; Final              ;      ;    ;             ;
; Default hold multicycle                                                                              ; Same as Multicycle ;      ;    ;             ;
; Cut paths between unrelated clock domains                                                            ; On                 ;      ;    ;             ;
; Cut off read during write signal paths                                                               ; On                 ;      ;    ;             ;
; Cut off feedback from I/O pins                                                                       ; On                 ;      ;    ;             ;
; Report Combined Fast/Slow Timing                                                                     ; Off                ;      ;    ;             ;
; Ignore Clock Settings                                                                                ; Off                ;      ;    ;             ;
; Analyze latches as synchronous elements                                                              ; On                 ;      ;    ;             ;
; Enable Recovery/Removal analysis                                                                     ; Off                ;      ;    ;             ;
; Enable Clock Latency                                                                                 ; Off                ;      ;    ;             ;
; Use TimeQuest Timing Analyzer                                                                        ; Off                ;      ;    ;             ;
; Number of source nodes to report per destination node                                                ; 10                 ;      ;    ;             ;
; Number of destination nodes to report                                                                ; 10                 ;      ;    ;             ;
; Number of paths to report                                                                            ; 200                ;      ;    ;             ;
; Report Minimum Timing Checks                                                                         ; Off                ;      ;    ;             ;
; Use Fast Timing Models                                                                               ; Off                ;      ;    ;             ;
; Report IO Paths Separately                                                                           ; Off                ;      ;    ;             ;
; Perform Multicorner Analysis                                                                         ; On                 ;      ;    ;             ;
; Reports the worst-case path for each clock domain and analysis                                       ; Off                ;      ;    ;             ;
; Reports worst-case timing paths for each clock domain and analysis                                   ; Off                ;      ;    ;             ;
; Specifies the maximum number of worst-case timing paths to report for each clock domain and analysis ; 100                ;      ;    ;             ;
; Removes common clock path pessimism (CCPP) during slack computation                                  ; Off                ;      ;    ;             ;
; Output I/O Timing Endpoint                                                                           ; Near End           ;      ;    ;             ;
+------------------------------------------------------------------------------------------------------+--------------------+------+----+-------------+


+------------------------------------------------------------------------------------------------------------------------------------------------------------------------------------+
; Clock Settings Summary                                                                                                                                                             ;
+-----------------+--------------------+----------+------------------+---------------+--------------+----------+-----------------------+---------------------+--------+--------------+
; Clock Node Name ; Clock Setting Name ; Type     ; Fmax Requirement ; Early Latency ; Late Latency ; Based on ; Multiply Base Fmax by ; Divide Base Fmax by ; Offset ; Phase offset ;
+-----------------+--------------------+----------+------------------+---------------+--------------+----------+-----------------------+---------------------+--------+--------------+
; clk1            ;                    ; User Pin ; None             ; 0.000 ns      ; 0.000 ns     ; --       ; N/A                   ; N/A                 ; N/A    ;              ;
+-----------------+--------------------+----------+------------------+---------------+--------------+----------+-----------------------+---------------------+--------+--------------+


Parallel compilation was disabled, but you have multiple processors available. Enable parallel compilation to reduce compilation time.
+-------------------------------------+
; Parallel Compilation                ;
+----------------------------+--------+
; Processors                 ; Number ;
+----------------------------+--------+
; Number detected on machine ; 6      ;
; Maximum allowed            ; 1      ;
+----------------------------+--------+


+----------------------------------------------------------------------------------------------------------------------------------------------------------------------------------------------------------------------+
; Clock Setup: 'clk1'                                                                                                                                                                                                  ;
+-------+------------------------------------------------+------------------------+------------------------+------------+----------+-----------------------------+---------------------------+-------------------------+
; Slack ; Actual fmax (period)                           ; From                   ; To                     ; From Clock ; To Clock ; Required Setup Relationship ; Required Longest P2P Time ; Actual Longest P2P Time ;
+-------+------------------------------------------------+------------------------+------------------------+------------+----------+-----------------------------+---------------------------+-------------------------+
; N/A   ; Restricted to 500.00 MHz ( period = 2.000 ns ) ; D_flip_flop:\G1:1:FA|Q ; D_flip_flop:\G1:2:FA|Q ; clk1       ; clk1     ; None                        ; None                      ; 0.570 ns                ;
; N/A   ; Restricted to 500.00 MHz ( period = 2.000 ns ) ; D_flip_flop:\G1:0:FA|Q ; D_flip_flop:\G1:1:FA|Q ; clk1       ; clk1     ; None                        ; None                      ; 0.415 ns                ;
; N/A   ; Restricted to 500.00 MHz ( period = 2.000 ns ) ; D_flip_flop:\G1:2:FA|Q ; D_flip_flop:\G1:3:FA|Q ; clk1       ; clk1     ; None                        ; None                      ; 0.415 ns                ;
+-------+------------------------------------------------+------------------------+------------------------+------------+----------+-----------------------------+---------------------------+-------------------------+


+-------------------------------------------------------------------------------+
; tsu                                                                           ;
+-------+--------------+------------+-------+------------------------+----------+
; Slack ; Required tsu ; Actual tsu ; From  ; To                     ; To Clock ;
+-------+--------------+------------+-------+------------------------+----------+
; N/A   ; None         ; 2.232 ns   ; input ; D_flip_flop:\G1:0:FA|Q ; clk1     ;
+-------+--------------+------------+-------+------------------------+----------+


+--------------------------------------------------------------------------------+
; tco                                                                            ;
+-------+--------------+------------+------------------------+------+------------+
; Slack ; Required tco ; Actual tco ; From                   ; To   ; From Clock ;
+-------+--------------+------------+------------------------+------+------------+
; N/A   ; None         ; 7.334 ns   ; D_flip_flop:\G1:1:FA|Q ; Q[1] ; clk1       ;
; N/A   ; None         ; 6.894 ns   ; D_flip_flop:\G1:2:FA|Q ; Q[2] ; clk1       ;
; N/A   ; None         ; 6.263 ns   ; D_flip_flop:\G1:3:FA|Q ; Q[3] ; clk1       ;
; N/A   ; None         ; 5.457 ns   ; D_flip_flop:\G1:0:FA|Q ; Q[0] ; clk1       ;
+-------+--------------+------------+------------------------+------+------------+


+-------------------------------------------------------------------------------------+
; th                                                                                  ;
+---------------+-------------+-----------+-------+------------------------+----------+
; Minimum Slack ; Required th ; Actual th ; From  ; To                     ; To Clock ;
+---------------+-------------+-----------+-------+------------------------+----------+
; N/A           ; None        ; -1.993 ns ; input ; D_flip_flop:\G1:0:FA|Q ; clk1     ;
+---------------+-------------+-----------+-------+------------------------+----------+


+--------------------------+
; Timing Analyzer Messages ;
+--------------------------+
Info: *******************************************************************
Info: Running Quartus II Classic Timing Analyzer
    Info: Version 9.1 Build 350 03/24/2010 Service Pack 2 SJ Web Edition
    Info: Processing started: Mon May 10 00:39:25 2021
Info: Command: quartus_tan --read_settings_files=off --write_settings_files=off generater -c generater --timing_analysis_only
Warning: Found pins functioning as undefined clocks and/or memory enables
    Info: Assuming node "clk1" is an undefined clock
Info: Clock "clk1" Internal fmax is restricted to 500.0 MHz between source register "D_flip_flop:\G1:1:FA|Q" and destination register "D_flip_flop:\G1:2:FA|Q"
    Info: fmax restricted to clock pin edge rate 2.0 ns. Expand message to see actual delay path.
        Info: + Longest register to register delay is 0.570 ns
            Info: 1: + IC(0.000 ns) + CELL(0.000 ns) = 0.000 ns; Loc. = LCFF_X38_Y3_N19; Fanout = 2; REG Node = 'D_flip_flop:\G1:1:FA|Q'
            Info: 2: + IC(0.362 ns) + CELL(0.053 ns) = 0.415 ns; Loc. = LCCOMB_X38_Y3_N20; Fanout = 1; COMB Node = 'D_flip_flop:\G1:2:FA|Q~feeder'
            Info: 3: + IC(0.000 ns) + CELL(0.155 ns) = 0.570 ns; Loc. = LCFF_X38_Y3_N21; Fanout = 2; REG Node = 'D_flip_flop:\G1:2:FA|Q'
            Info: Total cell delay = 0.208 ns ( 36.49 % )
            Info: Total interconnect delay = 0.362 ns ( 63.51 % )
        Info: - Smallest clock skew is 0.000 ns
            Info: + Shortest clock path from clock "clk1" to destination register is 2.497 ns
                Info: 1: + IC(0.000 ns) + CELL(0.854 ns) = 0.854 ns; Loc. = PIN_N20; Fanout = 1; CLK Node = 'clk1'
                Info: 2: + IC(0.343 ns) + CELL(0.000 ns) = 1.197 ns; Loc. = CLKCTRL_G3; Fanout = 4; COMB Node = 'clk1~clkctrl'
                Info: 3: + IC(0.682 ns) + CELL(0.618 ns) = 2.497 ns; Loc. = LCFF_X38_Y3_N21; Fanout = 2; REG Node = 'D_flip_flop:\G1:2:FA|Q'
                Info: Total cell delay = 1.472 ns ( 58.95 % )
                Info: Total interconnect delay = 1.025 ns ( 41.05 % )
            Info: - Longest clock path from clock "clk1" to source register is 2.497 ns
                Info: 1: + IC(0.000 ns) + CELL(0.854 ns) = 0.854 ns; Loc. = PIN_N20; Fanout = 1; CLK Node = 'clk1'
                Info: 2: + IC(0.343 ns) + CELL(0.000 ns) = 1.197 ns; Loc. = CLKCTRL_G3; Fanout = 4; COMB Node = 'clk1~clkctrl'
                Info: 3: + IC(0.682 ns) + CELL(0.618 ns) = 2.497 ns; Loc. = LCFF_X38_Y3_N19; Fanout = 2; REG Node = 'D_flip_flop:\G1:1:FA|Q'
                Info: Total cell delay = 1.472 ns ( 58.95 % )
                Info: Total interconnect delay = 1.025 ns ( 41.05 % )
        Info: + Micro clock to output delay of source is 0.094 ns
        Info: + Micro setup delay of destination is 0.090 ns
Info: tsu for register "D_flip_flop:\G1:0:FA|Q" (data pin = "input", clock pin = "clk1") is 2.232 ns
    Info: + Longest pin to register delay is 4.639 ns
        Info: 1: + IC(0.000 ns) + CELL(0.830 ns) = 0.830 ns; Loc. = PIN_V1; Fanout = 1; PIN Node = 'input'
        Info: 2: + IC(3.601 ns) + CELL(0.053 ns) = 4.484 ns; Loc. = LCCOMB_X38_Y3_N16; Fanout = 1; COMB Node = 'D_flip_flop:\G1:0:FA|Q~feeder'
        Info: 3: + IC(0.000 ns) + CELL(0.155 ns) = 4.639 ns; Loc. = LCFF_X38_Y3_N17; Fanout = 2; REG Node = 'D_flip_flop:\G1:0:FA|Q'
        Info: Total cell delay = 1.038 ns ( 22.38 % )
        Info: Total interconnect delay = 3.601 ns ( 77.62 % )
    Info: + Micro setup delay of destination is 0.090 ns
    Info: - Shortest clock path from clock "clk1" to destination register is 2.497 ns
        Info: 1: + IC(0.000 ns) + CELL(0.854 ns) = 0.854 ns; Loc. = PIN_N20; Fanout = 1; CLK Node = 'clk1'
        Info: 2: + IC(0.343 ns) + CELL(0.000 ns) = 1.197 ns; Loc. = CLKCTRL_G3; Fanout = 4; COMB Node = 'clk1~clkctrl'
        Info: 3: + IC(0.682 ns) + CELL(0.618 ns) = 2.497 ns; Loc. = LCFF_X38_Y3_N17; Fanout = 2; REG Node = 'D_flip_flop:\G1:0:FA|Q'
        Info: Total cell delay = 1.472 ns ( 58.95 % )
        Info: Total interconnect delay = 1.025 ns ( 41.05 % )
Info: tco from clock "clk1" to destination pin "Q[1]" through register "D_flip_flop:\G1:1:FA|Q" is 7.334 ns
    Info: + Longest clock path from clock "clk1" to source register is 2.497 ns
        Info: 1: + IC(0.000 ns) + CELL(0.854 ns) = 0.854 ns; Loc. = PIN_N20; Fanout = 1; CLK Node = 'clk1'
        Info: 2: + IC(0.343 ns) + CELL(0.000 ns) = 1.197 ns; Loc. = CLKCTRL_G3; Fanout = 4; COMB Node = 'clk1~clkctrl'
        Info: 3: + IC(0.682 ns) + CELL(0.618 ns) = 2.497 ns; Loc. = LCFF_X38_Y3_N19; Fanout = 2; REG Node = 'D_flip_flop:\G1:1:FA|Q'
        Info: Total cell delay = 1.472 ns ( 58.95 % )
        Info: Total interconnect delay = 1.025 ns ( 41.05 % )
    Info: + Micro clock to output delay of source is 0.094 ns
    Info: + Longest register to pin delay is 4.743 ns
        Info: 1: + IC(0.000 ns) + CELL(0.000 ns) = 0.000 ns; Loc. = LCFF_X38_Y3_N19; Fanout = 2; REG Node = 'D_flip_flop:\G1:1:FA|Q'
        Info: 2: + IC(2.761 ns) + CELL(1.982 ns) = 4.743 ns; Loc. = PIN_A6; Fanout = 0; PIN Node = 'Q[1]'
        Info: Total cell delay = 1.982 ns ( 41.79 % )
        Info: Total interconnect delay = 2.761 ns ( 58.21 % )
Info: th for register "D_flip_flop:\G1:0:FA|Q" (data pin = "input", clock pin = "clk1") is -1.993 ns
    Info: + Longest clock path from clock "clk1" to destination register is 2.497 ns
        Info: 1: + IC(0.000 ns) + CELL(0.854 ns) = 0.854 ns; Loc. = PIN_N20; Fanout = 1; CLK Node = 'clk1'
        Info: 2: + IC(0.343 ns) + CELL(0.000 ns) = 1.197 ns; Loc. = CLKCTRL_G3; Fanout = 4; COMB Node = 'clk1~clkctrl'
        Info: 3: + IC(0.682 ns) + CELL(0.618 ns) = 2.497 ns; Loc. = LCFF_X38_Y3_N17; Fanout = 2; REG Node = 'D_flip_flop:\G1:0:FA|Q'
        Info: Total cell delay = 1.472 ns ( 58.95 % )
        Info: Total interconnect delay = 1.025 ns ( 41.05 % )
    Info: + Micro hold delay of destination is 0.149 ns
    Info: - Shortest pin to register delay is 4.639 ns
        Info: 1: + IC(0.000 ns) + CELL(0.830 ns) = 0.830 ns; Loc. = PIN_V1; Fanout = 1; PIN Node = 'input'
        Info: 2: + IC(3.601 ns) + CELL(0.053 ns) = 4.484 ns; Loc. = LCCOMB_X38_Y3_N16; Fanout = 1; COMB Node = 'D_flip_flop:\G1:0:FA|Q~feeder'
        Info: 3: + IC(0.000 ns) + CELL(0.155 ns) = 4.639 ns; Loc. = LCFF_X38_Y3_N17; Fanout = 2; REG Node = 'D_flip_flop:\G1:0:FA|Q'
        Info: Total cell delay = 1.038 ns ( 22.38 % )
        Info: Total interconnect delay = 3.601 ns ( 77.62 % )
Info: Quartus II Classic Timing Analyzer was successful. 0 errors, 1 warning
    Info: Peak virtual memory: 188 megabytes
    Info: Processing ended: Mon May 10 00:39:25 2021
    Info: Elapsed time: 00:00:00
    Info: Total CPU time (on all processors): 00:00:00


