Classic Timing Analyzer report for Q4
Thu May 13 14:17:16 2021
Quartus II Version 9.1 Build 350 03/24/2010 Service Pack 2 SJ Web Edition


---------------------
; Table of Contents ;
---------------------
  1. Legal Notice
  2. Timing Analyzer Summary
  3. Timing Analyzer Settings
  4. Parallel Compilation
  5. tpd
  6. Timing Analyzer Messages



----------------
; Legal Notice ;
----------------
Copyright (C) 1991-2010 Altera Corporation
Your use of Altera Corporation's design tools, logic functions 
and other software and tools, and its AMPP partner logic 
functions, and any output files from any of the foregoing 
(including device programming or simulation files), and any 
associated documentation or information are expressly subject 
to the terms and conditions of the Altera Program License 
Subscription Agreement, Altera MegaCore Function License 
Agreement, or other applicable license agreement, including, 
without limitation, that your use is for the sole purpose of 
programming logic devices manufactured by Altera and sold by 
Altera or its authorized distributors.  Please refer to the 
applicable agreement for further details.



+-------------------------------------------------------------------------------------------------------------------------+
; Timing Analyzer Summary                                                                                                 ;
+------------------------------+-------+---------------+-------------+------+------+------------+----------+--------------+
; Type                         ; Slack ; Required Time ; Actual Time ; From ; To   ; From Clock ; To Clock ; Failed Paths ;
+------------------------------+-------+---------------+-------------+------+------+------------+----------+--------------+
; Worst-case tpd               ; N/A   ; None          ; 11.347 ns   ; b[1] ; s[3] ; --         ; --       ; 0            ;
; Total number of failed paths ;       ;               ;             ;      ;      ;            ;          ; 0            ;
+------------------------------+-------+---------------+-------------+------+------+------------+----------+--------------+


+-----------------------------------------------------------------------------------------------------------------------------------------------------+
; Timing Analyzer Settings                                                                                                                            ;
+------------------------------------------------------------------------------------------------------+--------------------+------+----+-------------+
; Option                                                                                               ; Setting            ; From ; To ; Entity Name ;
+------------------------------------------------------------------------------------------------------+--------------------+------+----+-------------+
; Device Name                                                                                          ; EP2S15F484C3       ;      ;    ;             ;
; Timing Models                                                                                        ; Final              ;      ;    ;             ;
; Default hold multicycle                                                                              ; Same as Multicycle ;      ;    ;             ;
; Cut paths between unrelated clock domains                                                            ; On                 ;      ;    ;             ;
; Cut off read during write signal paths                                                               ; On                 ;      ;    ;             ;
; Cut off feedback from I/O pins                                                                       ; On                 ;      ;    ;             ;
; Report Combined Fast/Slow Timing                                                                     ; Off                ;      ;    ;             ;
; Ignore Clock Settings                                                                                ; Off                ;      ;    ;             ;
; Analyze latches as synchronous elements                                                              ; On                 ;      ;    ;             ;
; Enable Recovery/Removal analysis                                                                     ; Off                ;      ;    ;             ;
; Enable Clock Latency                                                                                 ; Off                ;      ;    ;             ;
; Use TimeQuest Timing Analyzer                                                                        ; Off                ;      ;    ;             ;
; Number of source nodes to report per destination node                                                ; 10                 ;      ;    ;             ;
; Number of destination nodes to report                                                                ; 10                 ;      ;    ;             ;
; Number of paths to report                                                                            ; 200                ;      ;    ;             ;
; Report Minimum Timing Checks                                                                         ; Off                ;      ;    ;             ;
; Use Fast Timing Models                                                                               ; Off                ;      ;    ;             ;
; Report IO Paths Separately                                                                           ; Off                ;      ;    ;             ;
; Perform Multicorner Analysis                                                                         ; On                 ;      ;    ;             ;
; Reports the worst-case path for each clock domain and analysis                                       ; Off                ;      ;    ;             ;
; Reports worst-case timing paths for each clock domain and analysis                                   ; Off                ;      ;    ;             ;
; Specifies the maximum number of worst-case timing paths to report for each clock domain and analysis ; 100                ;      ;    ;             ;
; Removes common clock path pessimism (CCPP) during slack computation                                  ; Off                ;      ;    ;             ;
; Output I/O Timing Endpoint                                                                           ; Near End           ;      ;    ;             ;
+------------------------------------------------------------------------------------------------------+--------------------+------+----+-------------+


Parallel compilation was disabled, but you have multiple processors available. Enable parallel compilation to reduce compilation time.
+-------------------------------------+
; Parallel Compilation                ;
+----------------------------+--------+
; Processors                 ; Number ;
+----------------------------+--------+
; Number detected on machine ; 6      ;
; Maximum allowed            ; 1      ;
+----------------------------+--------+


+-----------------------------------------------------------+
; tpd                                                       ;
+-------+-------------------+-----------------+------+------+
; Slack ; Required P2P Time ; Actual P2P Time ; From ; To   ;
+-------+-------------------+-----------------+------+------+
; N/A   ; None              ; 11.347 ns       ; b[1] ; s[3] ;
; N/A   ; None              ; 11.190 ns       ; b[2] ; s[3] ;
; N/A   ; None              ; 10.926 ns       ; ci   ; s[3] ;
; N/A   ; None              ; 10.907 ns       ; a[1] ; s[3] ;
; N/A   ; None              ; 10.639 ns       ; a[2] ; s[3] ;
; N/A   ; None              ; 10.633 ns       ; b[0] ; s[3] ;
; N/A   ; None              ; 10.622 ns       ; b[1] ; s[2] ;
; N/A   ; None              ; 10.586 ns       ; b[1] ; s[4] ;
; N/A   ; None              ; 10.560 ns       ; ci   ; s[2] ;
; N/A   ; None              ; 10.524 ns       ; ci   ; s[4] ;
; N/A   ; None              ; 10.443 ns       ; a[0] ; s[3] ;
; N/A   ; None              ; 10.387 ns       ; ci   ; s[0] ;
; N/A   ; None              ; 10.278 ns       ; b[3] ; s[3] ;
; N/A   ; None              ; 10.042 ns       ; a[1] ; s[2] ;
; N/A   ; None              ; 9.975 ns        ; a[1] ; s[4] ;
; N/A   ; None              ; 9.928 ns        ; b[0] ; s[2] ;
; N/A   ; None              ; 9.927 ns        ; b[0] ; s[4] ;
; N/A   ; None              ; 9.793 ns        ; b[2] ; s[4] ;
; N/A   ; None              ; 9.790 ns        ; b[0] ; s[0] ;
; N/A   ; None              ; 9.726 ns        ; a[0] ; s[0] ;
; N/A   ; None              ; 9.655 ns        ; a[3] ; s[3] ;
; N/A   ; None              ; 9.541 ns        ; a[0] ; s[2] ;
; N/A   ; None              ; 9.505 ns        ; a[0] ; s[4] ;
; N/A   ; None              ; 9.484 ns        ; b[2] ; s[2] ;
; N/A   ; None              ; 9.408 ns        ; ci   ; s[1] ;
; N/A   ; None              ; 9.346 ns        ; b[3] ; s[4] ;
; N/A   ; None              ; 9.242 ns        ; a[2] ; s[4] ;
; N/A   ; None              ; 9.176 ns        ; a[2] ; s[2] ;
; N/A   ; None              ; 9.075 ns        ; b[1] ; s[1] ;
; N/A   ; None              ; 8.884 ns        ; a[3] ; s[4] ;
; N/A   ; None              ; 8.867 ns        ; a[1] ; s[1] ;
; N/A   ; None              ; 8.777 ns        ; b[0] ; s[1] ;
; N/A   ; None              ; 8.747 ns        ; a[0] ; s[1] ;
+-------+-------------------+-----------------+------+------+


+--------------------------+
; Timing Analyzer Messages ;
+--------------------------+
Info: *******************************************************************
Info: Running Quartus II Classic Timing Analyzer
    Info: Version 9.1 Build 350 03/24/2010 Service Pack 2 SJ Web Edition
    Info: Processing started: Thu May 13 14:17:15 2021
Info: Command: quartus_tan --read_settings_files=off --write_settings_files=off Q4 -c Q4 --timing_analysis_only
Info: Longest tpd from source pin "b[1]" to destination pin "s[3]" is 11.347 ns
    Info: 1: + IC(0.000 ns) + CELL(0.827 ns) = 0.827 ns; Loc. = PIN_F13; Fanout = 5; PIN Node = 'b[1]'
    Info: 2: + IC(4.662 ns) + CELL(0.366 ns) = 5.855 ns; Loc. = LCCOMB_X14_Y1_N26; Fanout = 1; COMB Node = 'c~0'
    Info: 3: + IC(0.236 ns) + CELL(0.228 ns) = 6.319 ns; Loc. = LCCOMB_X14_Y1_N20; Fanout = 1; COMB Node = 's~3'
    Info: 4: + IC(3.046 ns) + CELL(1.982 ns) = 11.347 ns; Loc. = PIN_C17; Fanout = 0; PIN Node = 's[3]'
    Info: Total cell delay = 3.403 ns ( 29.99 % )
    Info: Total interconnect delay = 7.944 ns ( 70.01 % )
Info: Quartus II Classic Timing Analyzer was successful. 0 errors, 0 warnings
    Info: Peak virtual memory: 188 megabytes
    Info: Processing ended: Thu May 13 14:17:16 2021
    Info: Elapsed time: 00:00:01
    Info: Total CPU time (on all processors): 00:00:01


