Classic Timing Analyzer report for Q6
Thu May 06 23:20:07 2021
Quartus II Version 9.1 Build 350 03/24/2010 Service Pack 2 SJ Web Edition


---------------------
; Table of Contents ;
---------------------
  1. Legal Notice
  2. Timing Analyzer Summary
  3. Timing Analyzer Settings
  4. Parallel Compilation
  5. tpd
  6. Timing Analyzer Messages



----------------
; Legal Notice ;
----------------
Copyright (C) 1991-2010 Altera Corporation
Your use of Altera Corporation's design tools, logic functions 
and other software and tools, and its AMPP partner logic 
functions, and any output files from any of the foregoing 
(including device programming or simulation files), and any 
associated documentation or information are expressly subject 
to the terms and conditions of the Altera Program License 
Subscription Agreement, Altera MegaCore Function License 
Agreement, or other applicable license agreement, including, 
without limitation, that your use is for the sole purpose of 
programming logic devices manufactured by Altera and sold by 
Altera or its authorized distributors.  Please refer to the 
applicable agreement for further details.



+-------------------------------------------------------------------------------------------------------------------------+
; Timing Analyzer Summary                                                                                                 ;
+------------------------------+-------+---------------+-------------+------+------+------------+----------+--------------+
; Type                         ; Slack ; Required Time ; Actual Time ; From ; To   ; From Clock ; To Clock ; Failed Paths ;
+------------------------------+-------+---------------+-------------+------+------+------------+----------+--------------+
; Worst-case tpd               ; N/A   ; None          ; 11.702 ns   ; b[0] ; x[3] ; --         ; --       ; 0            ;
; Total number of failed paths ;       ;               ;             ;      ;      ;            ;          ; 0            ;
+------------------------------+-------+---------------+-------------+------+------+------------+----------+--------------+


+-----------------------------------------------------------------------------------------------------------------------------------------------------+
; Timing Analyzer Settings                                                                                                                            ;
+------------------------------------------------------------------------------------------------------+--------------------+------+----+-------------+
; Option                                                                                               ; Setting            ; From ; To ; Entity Name ;
+------------------------------------------------------------------------------------------------------+--------------------+------+----+-------------+
; Device Name                                                                                          ; EP2S15F484C3       ;      ;    ;             ;
; Timing Models                                                                                        ; Final              ;      ;    ;             ;
; Default hold multicycle                                                                              ; Same as Multicycle ;      ;    ;             ;
; Cut paths between unrelated clock domains                                                            ; On                 ;      ;    ;             ;
; Cut off read during write signal paths                                                               ; On                 ;      ;    ;             ;
; Cut off feedback from I/O pins                                                                       ; On                 ;      ;    ;             ;
; Report Combined Fast/Slow Timing                                                                     ; Off                ;      ;    ;             ;
; Ignore Clock Settings                                                                                ; Off                ;      ;    ;             ;
; Analyze latches as synchronous elements                                                              ; On                 ;      ;    ;             ;
; Enable Recovery/Removal analysis                                                                     ; Off                ;      ;    ;             ;
; Enable Clock Latency                                                                                 ; Off                ;      ;    ;             ;
; Use TimeQuest Timing Analyzer                                                                        ; Off                ;      ;    ;             ;
; Number of source nodes to report per destination node                                                ; 10                 ;      ;    ;             ;
; Number of destination nodes to report                                                                ; 10                 ;      ;    ;             ;
; Number of paths to report                                                                            ; 200                ;      ;    ;             ;
; Report Minimum Timing Checks                                                                         ; Off                ;      ;    ;             ;
; Use Fast Timing Models                                                                               ; Off                ;      ;    ;             ;
; Report IO Paths Separately                                                                           ; Off                ;      ;    ;             ;
; Perform Multicorner Analysis                                                                         ; On                 ;      ;    ;             ;
; Reports the worst-case path for each clock domain and analysis                                       ; Off                ;      ;    ;             ;
; Reports worst-case timing paths for each clock domain and analysis                                   ; Off                ;      ;    ;             ;
; Specifies the maximum number of worst-case timing paths to report for each clock domain and analysis ; 100                ;      ;    ;             ;
; Removes common clock path pessimism (CCPP) during slack computation                                  ; Off                ;      ;    ;             ;
; Output I/O Timing Endpoint                                                                           ; Near End           ;      ;    ;             ;
+------------------------------------------------------------------------------------------------------+--------------------+------+----+-------------+


Parallel compilation was disabled, but you have multiple processors available. Enable parallel compilation to reduce compilation time.
+-------------------------------------+
; Parallel Compilation                ;
+----------------------------+--------+
; Processors                 ; Number ;
+----------------------------+--------+
; Number detected on machine ; 6      ;
; Maximum allowed            ; 1      ;
+----------------------------+--------+


+-----------------------------------------------------------+
; tpd                                                       ;
+-------+-------------------+-----------------+------+------+
; Slack ; Required P2P Time ; Actual P2P Time ; From ; To   ;
+-------+-------------------+-----------------+------+------+
; N/A   ; None              ; 11.702 ns       ; b[0] ; x[3] ;
; N/A   ; None              ; 11.147 ns       ; b[0] ; x[4] ;
; N/A   ; None              ; 11.105 ns       ; b[0] ; x[5] ;
; N/A   ; None              ; 11.076 ns       ; b[0] ; x[2] ;
; N/A   ; None              ; 10.665 ns       ; a[0] ; x[3] ;
; N/A   ; None              ; 10.518 ns       ; a[2] ; x[3] ;
; N/A   ; None              ; 10.430 ns       ; a[1] ; x[3] ;
; N/A   ; None              ; 10.277 ns       ; b[1] ; x[3] ;
; N/A   ; None              ; 10.110 ns       ; a[0] ; x[4] ;
; N/A   ; None              ; 10.068 ns       ; a[0] ; x[5] ;
; N/A   ; None              ; 10.054 ns       ; a[0] ; x[2] ;
; N/A   ; None              ; 9.963 ns        ; a[2] ; x[4] ;
; N/A   ; None              ; 9.921 ns        ; a[2] ; x[5] ;
; N/A   ; None              ; 9.875 ns        ; a[1] ; x[4] ;
; N/A   ; None              ; 9.840 ns        ; b[2] ; x[3] ;
; N/A   ; None              ; 9.833 ns        ; a[1] ; x[5] ;
; N/A   ; None              ; 9.803 ns        ; a[1] ; x[2] ;
; N/A   ; None              ; 9.778 ns        ; a[2] ; x[2] ;
; N/A   ; None              ; 9.722 ns        ; b[1] ; x[4] ;
; N/A   ; None              ; 9.720 ns        ; b[0] ; x[0] ;
; N/A   ; None              ; 9.680 ns        ; b[1] ; x[5] ;
; N/A   ; None              ; 9.651 ns        ; b[1] ; x[2] ;
; N/A   ; None              ; 9.401 ns        ; b[2] ; x[2] ;
; N/A   ; None              ; 9.343 ns        ; b[0] ; x[1] ;
; N/A   ; None              ; 9.214 ns        ; b[2] ; x[4] ;
; N/A   ; None              ; 9.185 ns        ; b[2] ; x[5] ;
; N/A   ; None              ; 8.673 ns        ; a[0] ; x[0] ;
; N/A   ; None              ; 8.308 ns        ; a[0] ; x[1] ;
; N/A   ; None              ; 8.075 ns        ; a[1] ; x[1] ;
; N/A   ; None              ; 7.918 ns        ; b[1] ; x[1] ;
+-------+-------------------+-----------------+------+------+


+--------------------------+
; Timing Analyzer Messages ;
+--------------------------+
Info: *******************************************************************
Info: Running Quartus II Classic Timing Analyzer
    Info: Version 9.1 Build 350 03/24/2010 Service Pack 2 SJ Web Edition
    Info: Processing started: Thu May 06 23:20:07 2021
Info: Command: quartus_tan --read_settings_files=off --write_settings_files=off Q6 -c Q6 --timing_analysis_only
Info: Longest tpd from source pin "b[0]" to destination pin "x[3]" is 11.702 ns
    Info: 1: + IC(0.000 ns) + CELL(0.837 ns) = 0.837 ns; Loc. = PIN_Y14; Fanout = 6; PIN Node = 'b[0]'
    Info: 2: + IC(5.146 ns) + CELL(0.378 ns) = 6.361 ns; Loc. = LCCOMB_X39_Y10_N18; Fanout = 2; COMB Node = 'adder_3_bit:u1|_~5'
    Info: 3: + IC(0.000 ns) + CELL(0.312 ns) = 6.673 ns; Loc. = LCCOMB_X39_Y10_N20; Fanout = 3; COMB Node = 'adder_3_bit:u1|sum[2]'
    Info: 4: + IC(0.314 ns) + CELL(0.619 ns) = 7.606 ns; Loc. = LCCOMB_X39_Y10_N2; Fanout = 1; COMB Node = 'adder_3_bit:u2|sum[1]'
    Info: 5: + IC(2.164 ns) + CELL(1.932 ns) = 11.702 ns; Loc. = PIN_G15; Fanout = 0; PIN Node = 'x[3]'
    Info: Total cell delay = 4.078 ns ( 34.85 % )
    Info: Total interconnect delay = 7.624 ns ( 65.15 % )
Info: Quartus II Classic Timing Analyzer was successful. 0 errors, 0 warnings
    Info: Peak virtual memory: 194 megabytes
    Info: Processing ended: Thu May 06 23:20:07 2021
    Info: Elapsed time: 00:00:00
    Info: Total CPU time (on all processors): 00:00:00


