Classic Timing Analyzer report for Q8
Mon May 10 23:06:41 2021
Quartus II Version 9.1 Build 350 03/24/2010 Service Pack 2 SJ Web Edition


---------------------
; Table of Contents ;
---------------------
  1. Legal Notice
  2. Timing Analyzer Summary
  3. Timing Analyzer Settings
  4. Clock Settings Summary
  5. Parallel Compilation
  6. Clock Setup: 'clock'
  7. tsu
  8. tco
  9. th
 10. Timing Analyzer Messages



----------------
; Legal Notice ;
----------------
Copyright (C) 1991-2010 Altera Corporation
Your use of Altera Corporation's design tools, logic functions 
and other software and tools, and its AMPP partner logic 
functions, and any output files from any of the foregoing 
(including device programming or simulation files), and any 
associated documentation or information are expressly subject 
to the terms and conditions of the Altera Program License 
Subscription Agreement, Altera MegaCore Function License 
Agreement, or other applicable license agreement, including, 
without limitation, that your use is for the sole purpose of 
programming logic devices manufactured by Altera and sold by 
Altera or its authorized distributors.  Please refer to the 
applicable agreement for further details.



+------------------------------------------------------------------------------------------------------------------------------------------------------------------------------------+
; Timing Analyzer Summary                                                                                                                                                            ;
+------------------------------+-------+---------------+------------------------------------------------+------------------+------------------+------------+----------+--------------+
; Type                         ; Slack ; Required Time ; Actual Time                                    ; From             ; To               ; From Clock ; To Clock ; Failed Paths ;
+------------------------------+-------+---------------+------------------------------------------------+------------------+------------------+------------+----------+--------------+
; Worst-case tsu               ; N/A   ; None          ; 3.141 ns                                       ; serial           ; D_flip_flop:U1|Q ; --         ; clock    ; 0            ;
; Worst-case tco               ; N/A   ; None          ; 7.577 ns                                       ; D_flip_flop:U3|Q ; Q[2]             ; clock      ; --       ; 0            ;
; Worst-case th                ; N/A   ; None          ; -2.240 ns                                      ; parallel[3]      ; D_flip_flop:U4|Q ; --         ; clock    ; 0            ;
; Clock Setup: 'clock'         ; N/A   ; None          ; Restricted to 500.00 MHz ( period = 2.000 ns ) ; D_flip_flop:U1|Q ; D_flip_flop:U2|Q ; clock      ; clock    ; 0            ;
; Total number of failed paths ;       ;               ;                                                ;                  ;                  ;            ;          ; 0            ;
+------------------------------+-------+---------------+------------------------------------------------+------------------+------------------+------------+----------+--------------+


+-----------------------------------------------------------------------------------------------------------------------------------------------------+
; Timing Analyzer Settings                                                                                                                            ;
+------------------------------------------------------------------------------------------------------+--------------------+------+----+-------------+
; Option                                                                                               ; Setting            ; From ; To ; Entity Name ;
+------------------------------------------------------------------------------------------------------+--------------------+------+----+-------------+
; Device Name                                                                                          ; EP2S15F484C3       ;      ;    ;             ;
; Timing Models                                                                                        ; Final              ;      ;    ;             ;
; Default hold multicycle                                                                              ; Same as Multicycle ;      ;    ;             ;
; Cut paths between unrelated clock domains                                                            ; On                 ;      ;    ;             ;
; Cut off read during write signal paths                                                               ; On                 ;      ;    ;             ;
; Cut off feedback from I/O pins                                                                       ; On                 ;      ;    ;             ;
; Report Combined Fast/Slow Timing                                                                     ; Off                ;      ;    ;             ;
; Ignore Clock Settings                                                                                ; Off                ;      ;    ;             ;
; Analyze latches as synchronous elements                                                              ; On                 ;      ;    ;             ;
; Enable Recovery/Removal analysis                                                                     ; Off                ;      ;    ;             ;
; Enable Clock Latency                                                                                 ; Off                ;      ;    ;             ;
; Use TimeQuest Timing Analyzer                                                                        ; Off                ;      ;    ;             ;
; Number of source nodes to report per destination node                                                ; 10                 ;      ;    ;             ;
; Number of destination nodes to report                                                                ; 10                 ;      ;    ;             ;
; Number of paths to report                                                                            ; 200                ;      ;    ;             ;
; Report Minimum Timing Checks                                                                         ; Off                ;      ;    ;             ;
; Use Fast Timing Models                                                                               ; Off                ;      ;    ;             ;
; Report IO Paths Separately                                                                           ; Off                ;      ;    ;             ;
; Perform Multicorner Analysis                                                                         ; On                 ;      ;    ;             ;
; Reports the worst-case path for each clock domain and analysis                                       ; Off                ;      ;    ;             ;
; Reports worst-case timing paths for each clock domain and analysis                                   ; Off                ;      ;    ;             ;
; Specifies the maximum number of worst-case timing paths to report for each clock domain and analysis ; 100                ;      ;    ;             ;
; Removes common clock path pessimism (CCPP) during slack computation                                  ; Off                ;      ;    ;             ;
; Output I/O Timing Endpoint                                                                           ; Near End           ;      ;    ;             ;
+------------------------------------------------------------------------------------------------------+--------------------+------+----+-------------+


+------------------------------------------------------------------------------------------------------------------------------------------------------------------------------------+
; Clock Settings Summary                                                                                                                                                             ;
+-----------------+--------------------+----------+------------------+---------------+--------------+----------+-----------------------+---------------------+--------+--------------+
; Clock Node Name ; Clock Setting Name ; Type     ; Fmax Requirement ; Early Latency ; Late Latency ; Based on ; Multiply Base Fmax by ; Divide Base Fmax by ; Offset ; Phase offset ;
+-----------------+--------------------+----------+------------------+---------------+--------------+----------+-----------------------+---------------------+--------+--------------+
; clock           ;                    ; User Pin ; None             ; 0.000 ns      ; 0.000 ns     ; --       ; N/A                   ; N/A                 ; N/A    ;              ;
+-----------------+--------------------+----------+------------------+---------------+--------------+----------+-----------------------+---------------------+--------+--------------+


Parallel compilation was disabled, but you have multiple processors available. Enable parallel compilation to reduce compilation time.
+-------------------------------------+
; Parallel Compilation                ;
+----------------------------+--------+
; Processors                 ; Number ;
+----------------------------+--------+
; Number detected on machine ; 6      ;
; Maximum allowed            ; 1      ;
+----------------------------+--------+


+----------------------------------------------------------------------------------------------------------------------------------------------------------------------------------------------------------+
; Clock Setup: 'clock'                                                                                                                                                                                     ;
+-------+------------------------------------------------+------------------+------------------+------------+----------+-----------------------------+---------------------------+-------------------------+
; Slack ; Actual fmax (period)                           ; From             ; To               ; From Clock ; To Clock ; Required Setup Relationship ; Required Longest P2P Time ; Actual Longest P2P Time ;
+-------+------------------------------------------------+------------------+------------------+------------+----------+-----------------------------+---------------------------+-------------------------+
; N/A   ; Restricted to 500.00 MHz ( period = 2.000 ns ) ; D_flip_flop:U1|Q ; D_flip_flop:U2|Q ; clock      ; clock    ; None                        ; None                      ; 0.421 ns                ;
; N/A   ; Restricted to 500.00 MHz ( period = 2.000 ns ) ; D_flip_flop:U2|Q ; D_flip_flop:U3|Q ; clock      ; clock    ; None                        ; None                      ; 0.419 ns                ;
; N/A   ; Restricted to 500.00 MHz ( period = 2.000 ns ) ; D_flip_flop:U3|Q ; D_flip_flop:U4|Q ; clock      ; clock    ; None                        ; None                      ; 0.419 ns                ;
+-------+------------------------------------------------+------------------+------------------+------------+----------+-----------------------------+---------------------------+-------------------------+


+-------------------------------------------------------------------------------+
; tsu                                                                           ;
+-------+--------------+------------+-------------+------------------+----------+
; Slack ; Required tsu ; Actual tsu ; From        ; To               ; To Clock ;
+-------+--------------+------------+-------------+------------------+----------+
; N/A   ; None         ; 3.141 ns   ; serial      ; D_flip_flop:U1|Q ; clock    ;
; N/A   ; None         ; 3.000 ns   ; parallel[1] ; D_flip_flop:U2|Q ; clock    ;
; N/A   ; None         ; 2.960 ns   ; load        ; D_flip_flop:U2|Q ; clock    ;
; N/A   ; None         ; 2.949 ns   ; load        ; D_flip_flop:U1|Q ; clock    ;
; N/A   ; None         ; 2.949 ns   ; load        ; D_flip_flop:U4|Q ; clock    ;
; N/A   ; None         ; 2.895 ns   ; parallel[2] ; D_flip_flop:U3|Q ; clock    ;
; N/A   ; None         ; 2.860 ns   ; load        ; D_flip_flop:U3|Q ; clock    ;
; N/A   ; None         ; 2.515 ns   ; parallel[0] ; D_flip_flop:U1|Q ; clock    ;
; N/A   ; None         ; 2.479 ns   ; parallel[3] ; D_flip_flop:U4|Q ; clock    ;
+-------+--------------+------------+-------------+------------------+----------+


+--------------------------------------------------------------------------+
; tco                                                                      ;
+-------+--------------+------------+------------------+------+------------+
; Slack ; Required tco ; Actual tco ; From             ; To   ; From Clock ;
+-------+--------------+------------+------------------+------+------------+
; N/A   ; None         ; 7.577 ns   ; D_flip_flop:U3|Q ; Q[2] ; clock      ;
; N/A   ; None         ; 6.978 ns   ; D_flip_flop:U4|Q ; Q[3] ; clock      ;
; N/A   ; None         ; 5.890 ns   ; D_flip_flop:U1|Q ; Q[0] ; clock      ;
; N/A   ; None         ; 5.828 ns   ; D_flip_flop:U2|Q ; Q[1] ; clock      ;
+-------+--------------+------------+------------------+------+------------+


+-------------------------------------------------------------------------------------+
; th                                                                                  ;
+---------------+-------------+-----------+-------------+------------------+----------+
; Minimum Slack ; Required th ; Actual th ; From        ; To               ; To Clock ;
+---------------+-------------+-----------+-------------+------------------+----------+
; N/A           ; None        ; -2.240 ns ; parallel[3] ; D_flip_flop:U4|Q ; clock    ;
; N/A           ; None        ; -2.276 ns ; parallel[0] ; D_flip_flop:U1|Q ; clock    ;
; N/A           ; None        ; -2.621 ns ; load        ; D_flip_flop:U3|Q ; clock    ;
; N/A           ; None        ; -2.656 ns ; parallel[2] ; D_flip_flop:U3|Q ; clock    ;
; N/A           ; None        ; -2.710 ns ; load        ; D_flip_flop:U1|Q ; clock    ;
; N/A           ; None        ; -2.710 ns ; load        ; D_flip_flop:U4|Q ; clock    ;
; N/A           ; None        ; -2.721 ns ; load        ; D_flip_flop:U2|Q ; clock    ;
; N/A           ; None        ; -2.761 ns ; parallel[1] ; D_flip_flop:U2|Q ; clock    ;
; N/A           ; None        ; -2.902 ns ; serial      ; D_flip_flop:U1|Q ; clock    ;
+---------------+-------------+-----------+-------------+------------------+----------+


+--------------------------+
; Timing Analyzer Messages ;
+--------------------------+
Info: *******************************************************************
Info: Running Quartus II Classic Timing Analyzer
    Info: Version 9.1 Build 350 03/24/2010 Service Pack 2 SJ Web Edition
    Info: Processing started: Mon May 10 23:06:41 2021
Info: Command: quartus_tan --read_settings_files=off --write_settings_files=off Q8 -c Q8 --timing_analysis_only
Warning: Found pins functioning as undefined clocks and/or memory enables
    Info: Assuming node "clock" is an undefined clock
Info: Clock "clock" Internal fmax is restricted to 500.0 MHz between source register "D_flip_flop:U1|Q" and destination register "D_flip_flop:U2|Q"
    Info: fmax restricted to clock pin edge rate 2.0 ns. Expand message to see actual delay path.
        Info: + Longest register to register delay is 0.421 ns
            Info: 1: + IC(0.000 ns) + CELL(0.000 ns) = 0.000 ns; Loc. = LCFF_X25_Y1_N17; Fanout = 2; REG Node = 'D_flip_flop:U1|Q'
            Info: 2: + IC(0.213 ns) + CELL(0.053 ns) = 0.266 ns; Loc. = LCCOMB_X25_Y1_N20; Fanout = 1; COMB Node = 'orline[1]~1'
            Info: 3: + IC(0.000 ns) + CELL(0.155 ns) = 0.421 ns; Loc. = LCFF_X25_Y1_N21; Fanout = 2; REG Node = 'D_flip_flop:U2|Q'
            Info: Total cell delay = 0.208 ns ( 49.41 % )
            Info: Total interconnect delay = 0.213 ns ( 50.59 % )
        Info: - Smallest clock skew is 0.000 ns
            Info: + Shortest clock path from clock "clock" to destination register is 2.496 ns
                Info: 1: + IC(0.000 ns) + CELL(0.854 ns) = 0.854 ns; Loc. = PIN_N20; Fanout = 1; CLK Node = 'clock'
                Info: 2: + IC(0.343 ns) + CELL(0.000 ns) = 1.197 ns; Loc. = CLKCTRL_G3; Fanout = 4; COMB Node = 'clock~clkctrl'
                Info: 3: + IC(0.681 ns) + CELL(0.618 ns) = 2.496 ns; Loc. = LCFF_X25_Y1_N21; Fanout = 2; REG Node = 'D_flip_flop:U2|Q'
                Info: Total cell delay = 1.472 ns ( 58.97 % )
                Info: Total interconnect delay = 1.024 ns ( 41.03 % )
            Info: - Longest clock path from clock "clock" to source register is 2.496 ns
                Info: 1: + IC(0.000 ns) + CELL(0.854 ns) = 0.854 ns; Loc. = PIN_N20; Fanout = 1; CLK Node = 'clock'
                Info: 2: + IC(0.343 ns) + CELL(0.000 ns) = 1.197 ns; Loc. = CLKCTRL_G3; Fanout = 4; COMB Node = 'clock~clkctrl'
                Info: 3: + IC(0.681 ns) + CELL(0.618 ns) = 2.496 ns; Loc. = LCFF_X25_Y1_N17; Fanout = 2; REG Node = 'D_flip_flop:U1|Q'
                Info: Total cell delay = 1.472 ns ( 58.97 % )
                Info: Total interconnect delay = 1.024 ns ( 41.03 % )
        Info: + Micro clock to output delay of source is 0.094 ns
        Info: + Micro setup delay of destination is 0.090 ns
Info: tsu for register "D_flip_flop:U1|Q" (data pin = "serial", clock pin = "clock") is 3.141 ns
    Info: + Longest pin to register delay is 5.547 ns
        Info: 1: + IC(0.000 ns) + CELL(0.837 ns) = 0.837 ns; Loc. = PIN_Y14; Fanout = 1; PIN Node = 'serial'
        Info: 2: + IC(4.502 ns) + CELL(0.053 ns) = 5.392 ns; Loc. = LCCOMB_X25_Y1_N16; Fanout = 1; COMB Node = 'orline[0]~0'
        Info: 3: + IC(0.000 ns) + CELL(0.155 ns) = 5.547 ns; Loc. = LCFF_X25_Y1_N17; Fanout = 2; REG Node = 'D_flip_flop:U1|Q'
        Info: Total cell delay = 1.045 ns ( 18.84 % )
        Info: Total interconnect delay = 4.502 ns ( 81.16 % )
    Info: + Micro setup delay of destination is 0.090 ns
    Info: - Shortest clock path from clock "clock" to destination register is 2.496 ns
        Info: 1: + IC(0.000 ns) + CELL(0.854 ns) = 0.854 ns; Loc. = PIN_N20; Fanout = 1; CLK Node = 'clock'
        Info: 2: + IC(0.343 ns) + CELL(0.000 ns) = 1.197 ns; Loc. = CLKCTRL_G3; Fanout = 4; COMB Node = 'clock~clkctrl'
        Info: 3: + IC(0.681 ns) + CELL(0.618 ns) = 2.496 ns; Loc. = LCFF_X25_Y1_N17; Fanout = 2; REG Node = 'D_flip_flop:U1|Q'
        Info: Total cell delay = 1.472 ns ( 58.97 % )
        Info: Total interconnect delay = 1.024 ns ( 41.03 % )
Info: tco from clock "clock" to destination pin "Q[2]" through register "D_flip_flop:U3|Q" is 7.577 ns
    Info: + Longest clock path from clock "clock" to source register is 2.496 ns
        Info: 1: + IC(0.000 ns) + CELL(0.854 ns) = 0.854 ns; Loc. = PIN_N20; Fanout = 1; CLK Node = 'clock'
        Info: 2: + IC(0.343 ns) + CELL(0.000 ns) = 1.197 ns; Loc. = CLKCTRL_G3; Fanout = 4; COMB Node = 'clock~clkctrl'
        Info: 3: + IC(0.681 ns) + CELL(0.618 ns) = 2.496 ns; Loc. = LCFF_X25_Y1_N27; Fanout = 2; REG Node = 'D_flip_flop:U3|Q'
        Info: Total cell delay = 1.472 ns ( 58.97 % )
        Info: Total interconnect delay = 1.024 ns ( 41.03 % )
    Info: + Micro clock to output delay of source is 0.094 ns
    Info: + Longest register to pin delay is 4.987 ns
        Info: 1: + IC(0.000 ns) + CELL(0.000 ns) = 0.000 ns; Loc. = LCFF_X25_Y1_N27; Fanout = 2; REG Node = 'D_flip_flop:U3|Q'
        Info: 2: + IC(3.025 ns) + CELL(1.962 ns) = 4.987 ns; Loc. = PIN_D12; Fanout = 0; PIN Node = 'Q[2]'
        Info: Total cell delay = 1.962 ns ( 39.34 % )
        Info: Total interconnect delay = 3.025 ns ( 60.66 % )
Info: th for register "D_flip_flop:U4|Q" (data pin = "parallel[3]", clock pin = "clock") is -2.240 ns
    Info: + Longest clock path from clock "clock" to destination register is 2.496 ns
        Info: 1: + IC(0.000 ns) + CELL(0.854 ns) = 0.854 ns; Loc. = PIN_N20; Fanout = 1; CLK Node = 'clock'
        Info: 2: + IC(0.343 ns) + CELL(0.000 ns) = 1.197 ns; Loc. = CLKCTRL_G3; Fanout = 4; COMB Node = 'clock~clkctrl'
        Info: 3: + IC(0.681 ns) + CELL(0.618 ns) = 2.496 ns; Loc. = LCFF_X25_Y1_N19; Fanout = 1; REG Node = 'D_flip_flop:U4|Q'
        Info: Total cell delay = 1.472 ns ( 58.97 % )
        Info: Total interconnect delay = 1.024 ns ( 41.03 % )
    Info: + Micro hold delay of destination is 0.149 ns
    Info: - Shortest pin to register delay is 4.885 ns
        Info: 1: + IC(0.000 ns) + CELL(0.772 ns) = 0.772 ns; Loc. = PIN_AA10; Fanout = 1; PIN Node = 'parallel[3]'
        Info: 2: + IC(3.733 ns) + CELL(0.225 ns) = 4.730 ns; Loc. = LCCOMB_X25_Y1_N18; Fanout = 1; COMB Node = 'orline[3]~3'
        Info: 3: + IC(0.000 ns) + CELL(0.155 ns) = 4.885 ns; Loc. = LCFF_X25_Y1_N19; Fanout = 1; REG Node = 'D_flip_flop:U4|Q'
        Info: Total cell delay = 1.152 ns ( 23.58 % )
        Info: Total interconnect delay = 3.733 ns ( 76.42 % )
Info: Quartus II Classic Timing Analyzer was successful. 0 errors, 1 warning
    Info: Peak virtual memory: 188 megabytes
    Info: Processing ended: Mon May 10 23:06:41 2021
    Info: Elapsed time: 00:00:00
    Info: Total CPU time (on all processors): 00:00:00


